<?xml version="1.0" encoding="UTF-8"?>
<!-- Generated by org.testng.reporters.JUnitXMLReporter -->
<testsuite ignored="0" hostname="DESKTOP-6QMGU85" failures="0" tests="4" name="Default test" time="11.654" errors="0" timestamp="2023-08-20T18:24:39 IST">
  <testcase classname="api.testcases.UserTests2" name="testPostUser" time="3.868"/>
  <testcase classname="api.testcases.UserTests2" name="testGetUserByName" time="1.521"/>
  <testcase classname="api.testcases.UserTests2" name="testUpdateUserByName" time="3.64"/>
  <testcase classname="api.testcases.UserTests2" name="testDeleteUserByName" time="1.362"/>
</testsuite> <!-- Default test -->
