<?xml version="1.0" encoding="UTF-8"?>
<!-- Generated by org.testng.reporters.JUnitXMLReporter -->
<testsuite ignored="0" hostname="DESKTOP-6QMGU85" failures="0" tests="4" name="Test" time="11.973" errors="0" timestamp="2023-08-20T15:37:02 IST">
  <testcase classname="api.testcases.UserTests" name="testPostUser" time="3.733"/>
  <testcase classname="api.testcases.UserTests" name="testGetUser" time="1.384"/>
  <testcase classname="api.testcases.UserTests" name="testUpdateUser" time="2.761"/>
  <testcase classname="api.testcases.UserTests" name="testDeleteUser" time="2.741"/>
</testsuite> <!-- Test -->
