<?xml version="1.0" encoding="UTF-8"?>
<!-- Generated by org.testng.reporters.JUnitXMLReporter -->
<testsuite ignored="0" hostname="DESKTOP-6QMGU85" failures="0" tests="4" name="Test" time="11.798" errors="0" timestamp="2023-08-20T19:11:01 IST">
  <testcase classname="api.testcases.UserTests" name="testPostUser" time="3.668"/>
  <testcase classname="api.testcases.UserTests" name="testGetUser" time="1.356"/>
  <testcase classname="api.testcases.UserTests" name="testUpdateUser" time="2.721"/>
  <testcase classname="api.testcases.UserTests" name="testDeleteUser" time="2.691"/>
</testsuite> <!-- Test -->
