<?xml version="1.0" encoding="UTF-8"?>
<testng-results ignored="0" total="4" passed="4" failed="0" skipped="0">
  <reporter-output>
  </reporter-output>
  <suite started-at="2023-08-20T19:10:49 IST" name="Suite" finished-at="2023-08-20T19:11:01 IST" duration-ms="11798">
    <groups>
    </groups>
    <test started-at="2023-08-20T19:10:49 IST" name="Test" finished-at="2023-08-20T19:11:01 IST" duration-ms="11798">
      <class name="api.testcases.UserTests">
        <test-method is-config="true" signature="setup()[pri:0, instance:api.testcases.UserTests@25fb8912]" started-at="2023-08-20T19:10:49 IST" name="setup" finished-at="2023-08-20T19:10:50 IST" duration-ms="976" status="PASS">
          <reporter-output>
          </reporter-output>
        </test-method> <!-- setup -->
        <test-method signature="testPostUser()[pri:1, instance:api.testcases.UserTests@25fb8912]" started-at="2023-08-20T19:10:50 IST" name="testPostUser" finished-at="2023-08-20T19:10:54 IST" duration-ms="3668" status="PASS">
          <reporter-output>
          </reporter-output>
        </test-method> <!-- testPostUser -->
        <test-method signature="testGetUser()[pri:2, instance:api.testcases.UserTests@25fb8912]" started-at="2023-08-20T19:10:54 IST" name="testGetUser" finished-at="2023-08-20T19:10:55 IST" duration-ms="1356" status="PASS">
          <reporter-output>
          </reporter-output>
        </test-method> <!-- testGetUser -->
        <test-method signature="testUpdateUser()[pri:3, instance:api.testcases.UserTests@25fb8912]" started-at="2023-08-20T19:10:55 IST" name="testUpdateUser" finished-at="2023-08-20T19:10:58 IST" duration-ms="2721" status="PASS">
          <reporter-output>
          </reporter-output>
        </test-method> <!-- testUpdateUser -->
        <test-method signature="testDeleteUser()[pri:4, instance:api.testcases.UserTests@25fb8912]" started-at="2023-08-20T19:10:58 IST" name="testDeleteUser" finished-at="2023-08-20T19:11:01 IST" duration-ms="2691" status="PASS">
          <reporter-output>
          </reporter-output>
        </test-method> <!-- testDeleteUser -->
      </class> <!-- api.testcases.UserTests -->
    </test> <!-- Test -->
  </suite> <!-- Suite -->
</testng-results>
