<?xml version="1.0" encoding="UTF-8"?>
<testng-results ignored="0" total="4" passed="4" failed="0" skipped="0">
  <reporter-output>
  </reporter-output>
  <suite started-at="2023-08-20T18:24:27 IST" name="Default suite" finished-at="2023-08-20T18:24:39 IST" duration-ms="11654">
    <groups>
    </groups>
    <test started-at="2023-08-20T18:24:27 IST" name="Default test" finished-at="2023-08-20T18:24:39 IST" duration-ms="11654">
      <class name="api.testcases.UserTests2">
        <test-method is-config="true" signature="setup()[pri:0, instance:api.testcases.UserTests2@52719fb6]" started-at="2023-08-20T18:24:27 IST" name="setup" finished-at="2023-08-20T18:24:29 IST" duration-ms="1184" status="PASS">
          <reporter-output>
          </reporter-output>
        </test-method> <!-- setup -->
        <test-method signature="testPostUser()[pri:1, instance:api.testcases.UserTests2@52719fb6]" started-at="2023-08-20T18:24:29 IST" name="testPostUser" finished-at="2023-08-20T18:24:32 IST" duration-ms="3868" status="PASS">
          <reporter-output>
          </reporter-output>
        </test-method> <!-- testPostUser -->
        <test-method signature="testGetUserByName()[pri:2, instance:api.testcases.UserTests2@52719fb6]" started-at="2023-08-20T18:24:32 IST" name="testGetUserByName" finished-at="2023-08-20T18:24:34 IST" duration-ms="1521" status="PASS">
          <reporter-output>
          </reporter-output>
        </test-method> <!-- testGetUserByName -->
        <test-method signature="testUpdateUserByName()[pri:3, instance:api.testcases.UserTests2@52719fb6]" started-at="2023-08-20T18:24:34 IST" name="testUpdateUserByName" finished-at="2023-08-20T18:24:38 IST" duration-ms="3640" status="PASS">
          <reporter-output>
          </reporter-output>
        </test-method> <!-- testUpdateUserByName -->
        <test-method signature="testDeleteUserByName()[pri:4, instance:api.testcases.UserTests2@52719fb6]" started-at="2023-08-20T18:24:38 IST" name="testDeleteUserByName" finished-at="2023-08-20T18:24:39 IST" duration-ms="1362" status="PASS">
          <reporter-output>
          </reporter-output>
        </test-method> <!-- testDeleteUserByName -->
      </class> <!-- api.testcases.UserTests2 -->
    </test> <!-- Default test -->
  </suite> <!-- Default suite -->
</testng-results>
